INFO:sim:172 - Generating IP...
Resolving generics for 'pipe_down_rom'...
Applying external generics to 'pipe_down_rom'...
Delivering associated files for 'pipe_down_rom'...
Delivering EJava files for 'pipe_down_rom'...
Generating implementation netlist for 'pipe_down_rom'...
INFO:sim - Pre-processing HDL files for 'pipe_down_rom'...
Running synthesis for 'pipe_down_rom'
Running ngcbuild...
Writing VEO instantiation template for 'pipe_down_rom'...
Writing Verilog behavioral simulation model for 'pipe_down_rom'...
WARNING:sim - Overwriting existing file
   E:/3150105197/project/ipcore_dir/tmp/_cg/pipe_down_rom/doc/blk_mem_gen_v7_3_v
   info.html with file from view xilinx_documentation
Delivered 1 file into directory
E:/3150105197/project/ipcore_dir/tmp/_cg/pipe_down_rom
Generating ASY schematic symbol...
INFO:sim:949 - Finished generation of ASY schematic symbol.
Generating SYM schematic symbol for 'pipe_down_rom'...
Generating metadata file...
Generating ISE project file for 'pipe_down_rom'...
Generating ISE project...
XCO file found: pipe_down_rom.xco
XMDF file found: pipe_down_rom_xmdf.tcl
Adding E:/3150105197/project/ipcore_dir/tmp/_cg/pipe_down_rom.asy -view all
-origin_type imported
Adding E:/3150105197/project/ipcore_dir/tmp/_cg/pipe_down_rom.ngc -view all
-origin_type created
Checking file "E:/3150105197/project/ipcore_dir/tmp/_cg/pipe_down_rom.ngc" for
project device match ...
File "E:/3150105197/project/ipcore_dir/tmp/_cg/pipe_down_rom.ngc" device
information matches project device.
Adding E:/3150105197/project/ipcore_dir/tmp/_cg/pipe_down_rom.sym -view all
-origin_type imported
Adding E:/3150105197/project/ipcore_dir/tmp/_cg/pipe_down_rom.v -view all
-origin_type created
INFO:HDLCompiler:1845 - Analyzing Verilog file
   "E:/3150105197/project/ipcore_dir/tmp/_cg/pipe_down_rom.v" into library work
INFO:ProjectMgmt - Parsing design hierarchy completed successfully.
Adding E:/3150105197/project/ipcore_dir/tmp/_cg/pipe_down_rom.veo -view all
-origin_type imported
INFO:TclTasksC:2116 - The automatic calculation of top has been turned-off.
   Please set the new top explicitly by running the "project set top" command.
   To re-calculate the new top automatically, set the "Auto Implementation Top"
   property to true.
Top level has been set to "/pipe_down_rom"
Generating README file...
Generating FLIST file...
INFO:sim:948 - Finished FLIST file generation.
Launching README viewer...
Moving files to output directory...
Finished moving files to output directory
Wrote CGP file for project 'pipe_down_rom'.
